<?xml version="1.0" encoding="UTF-8"?>
<!-- Generated by org.testng.reporters.JUnitReportReporter -->
<testsuite hostname="Rumaisa" failures="0" tests="5" name="testpkg.Lumatest" time="44.457" errors="0" timestamp="2024-11-05T22:40:07 IST" skipped="0">
  <testcase classname="testpkg.Lumatest" name="test1" time="6.949"/>
  <system-out/>
  <testcase classname="testpkg.Lumatest" name="test2" time="23.142"/>
  <system-out/>
  <testcase classname="testpkg.Lumatest" name="test3" time="9.364"/>
  <system-out/>
  <testcase classname="testpkg.Lumatest" name="test4" time="0.164"/>
  <system-out/>
  <testcase classname="testpkg.Lumatest" name="test5" time="4.838"/>
  <system-out/>
</testsuite> <!-- testpkg.Lumatest -->
